[2013-09-17 20:47:03] phpDocumentor.INFO: Collecting files ..  [] []
[2013-09-17 20:47:03] phpDocumentor.INFO: OK [] []
[2013-09-17 20:47:03] phpDocumentor.INFO: Initializing parser ..  [] []
[2013-09-17 20:47:03] phpDocumentor.INFO: OK [] []
[2013-09-17 20:47:03] phpDocumentor.INFO: Parsing files [] []
[2013-09-17 20:47:03] phpDocumentor.INFO: Parsing /home/kevin/dev/LavaCharts/src/config/config.php [] []
[2013-09-17 20:47:03] phpDocumentor.INFO:   No summary was found for this file [] []
[2013-09-17 20:47:03] phpDocumentor.INFO: Parsing /home/kevin/dev/LavaCharts/src/testcase/HelperTestCase.php [] []
[2013-09-17 20:47:03] phpDocumentor.INFO:   No summary was found for this file [] []
[2013-09-17 20:47:03] phpDocumentor.INFO:   No summary for class \Khill\Lavacharts\TestCase\HelperTestCase [] []
[2013-09-17 20:47:03] phpDocumentor.INFO:   No summary for method setUp() [] []
[2013-09-17 20:47:03] phpDocumentor.INFO: Parsing /home/kevin/dev/LavaCharts/src/routes.php [] []
[2013-09-17 20:47:03] phpDocumentor.INFO:   No summary was found for this file [] []
[2013-09-17 20:47:03] phpDocumentor.INFO: Parsing /home/kevin/dev/LavaCharts/src/Khill/Lavacharts/Charts/Chart.php [] []
[2013-09-17 20:47:03] phpDocumentor.INFO:   No summary was found for this file [] []
[2013-09-17 20:47:03] phpDocumentor.INFO:   No summary for class \Khill\Lavacharts\Charts\Chart [] []
[2013-09-17 20:47:03] phpDocumentor.INFO:   No summary for property $chartType [] []
[2013-09-17 20:47:03] phpDocumentor.INFO:   No summary for property $chartLabel [] []
[2013-09-17 20:47:03] phpDocumentor.INFO:   No summary for property $dataTable [] []
[2013-09-17 20:47:03] phpDocumentor.INFO:   No summary for property $data [] []
[2013-09-17 20:47:03] phpDocumentor.INFO:   No summary for property $options [] []
[2013-09-17 20:47:03] phpDocumentor.INFO:   No summary for property $defaults [] []
[2013-09-17 20:47:03] phpDocumentor.INFO:   No summary for property $events [] []
[2013-09-17 20:47:03] phpDocumentor.INFO:   No summary for property $elementID [] []
[2013-09-17 20:47:03] phpDocumentor.INFO:   No summary for method __construct() [] []
[2013-09-17 20:47:03] phpDocumentor.INFO: Parsing /home/kevin/dev/LavaCharts/src/Khill/Lavacharts/Charts/GeoChart.php [] []
[2013-09-17 20:47:03] phpDocumentor.INFO:   No summary was found for this file [] []
[2013-09-17 20:47:03] phpDocumentor.INFO:   No summary for class \GeoChart [] []
[2013-09-17 20:47:03] phpDocumentor.INFO:   No summary for method __construct() [] []
[2013-09-17 20:47:03] phpDocumentor.INFO: Parsing /home/kevin/dev/LavaCharts/src/Khill/Lavacharts/Charts/LineChart.php [] []
[2013-09-17 20:47:04] phpDocumentor.INFO:   No summary was found for this file [] []
[2013-09-17 20:47:04] phpDocumentor.INFO:   No summary for class \Khill\Lavacharts\Charts\LineChart [] []
[2013-09-17 20:47:04] phpDocumentor.INFO:   No summary for method __construct() [] []
[2013-09-17 20:47:04] phpDocumentor.INFO: Parsing /home/kevin/dev/LavaCharts/src/Khill/Lavacharts/Charts/ColumnChart.php [] []
[2013-09-17 20:47:04] phpDocumentor.INFO:   No summary was found for this file [] []
[2013-09-17 20:47:04] phpDocumentor.INFO:   No summary for class \Khill\Lavacharts\Charts\ColumnChart [] []
[2013-09-17 20:47:04] phpDocumentor.INFO:   No summary for method __construct() [] []
[2013-09-17 20:47:04] phpDocumentor.INFO: Parsing /home/kevin/dev/LavaCharts/src/Khill/Lavacharts/Charts/PieChart.php [] []
[2013-09-17 20:47:04] phpDocumentor.INFO:   No summary was found for this file [] []
[2013-09-17 20:47:04] phpDocumentor.INFO:   No summary for class \Khill\Lavacharts\Charts\PieChart [] []
[2013-09-17 20:47:04] phpDocumentor.INFO:   No summary for method __construct() [] []
[2013-09-17 20:47:04] phpDocumentor.INFO: Parsing /home/kevin/dev/LavaCharts/src/Khill/Lavacharts/Charts/TreeMap.php [] []
[2013-09-17 20:47:04] phpDocumentor.INFO:   No summary was found for this file [] []
[2013-09-17 20:47:04] phpDocumentor.INFO:   No summary for class \Khill\Lavacharts\Charts\TreeMap [] []
[2013-09-17 20:47:04] phpDocumentor.INFO:   No summary for method __construct() [] []
[2013-09-17 20:47:04] phpDocumentor.INFO: Parsing /home/kevin/dev/LavaCharts/src/Khill/Lavacharts/Charts/DonutChart.php [] []
[2013-09-17 20:47:04] phpDocumentor.INFO:   No summary was found for this file [] []
[2013-09-17 20:47:04] phpDocumentor.INFO:   No summary for class \DonutChart [] []
[2013-09-17 20:47:04] phpDocumentor.INFO:   No summary for method __construct() [] []
[2013-09-17 20:47:04] phpDocumentor.INFO: Parsing /home/kevin/dev/LavaCharts/src/Khill/Lavacharts/Charts/AreaChart.php [] []
[2013-09-17 20:47:04] phpDocumentor.INFO:   No summary was found for this file [] []
[2013-09-17 20:47:04] phpDocumentor.INFO:   No summary for class \Khill\Lavacharts\Charts\AreaChart [] []
[2013-09-17 20:47:04] phpDocumentor.INFO:   No summary for method __construct() [] []
[2013-09-17 20:47:04] phpDocumentor.INFO: Parsing /home/kevin/dev/LavaCharts/src/Khill/Lavacharts/Lavacharts.php [] []
[2013-09-17 20:47:04] phpDocumentor.INFO:   No summary was found for this file [] []
[2013-09-17 20:47:04] phpDocumentor.INFO:   No summary for class \Khill\Lavacharts\Lavacharts [] []
[2013-09-17 20:47:04] phpDocumentor.INFO: Parsing /home/kevin/dev/LavaCharts/src/Khill/Lavacharts/Configs/Axis.php [] []
[2013-09-17 20:47:04] phpDocumentor.INFO:   No summary was found for this file [] []
[2013-09-17 20:47:04] phpDocumentor.INFO:   No summary for class \Khill\Lavacharts\Configs\Axis [] []
[2013-09-17 20:47:04] phpDocumentor.INFO: Parsing /home/kevin/dev/LavaCharts/src/Khill/Lavacharts/Configs/magnifyingGlass.php [] []
[2013-09-17 20:47:04] phpDocumentor.INFO:   No summary was found for this file [] []
[2013-09-17 20:47:04] phpDocumentor.INFO: Parsing /home/kevin/dev/LavaCharts/src/Khill/Lavacharts/Configs/chartArea.php [] []
[2013-09-17 20:47:05] phpDocumentor.INFO:   No summary was found for this file [] []
[2013-09-17 20:47:05] phpDocumentor.INFO:   No summary for class \Khill\Lavacharts\Configs\chartArea [] []
[2013-09-17 20:47:05] phpDocumentor.INFO: Parsing /home/kevin/dev/LavaCharts/src/Khill/Lavacharts/Configs/vAxis.php [] []
[2013-09-17 20:47:05] phpDocumentor.INFO:   No summary was found for this file [] []
[2013-09-17 20:47:05] phpDocumentor.INFO: Parsing /home/kevin/dev/LavaCharts/src/Khill/Lavacharts/Configs/hAxis.php [] []
[2013-09-17 20:47:05] phpDocumentor.INFO:   No summary was found for this file [] []
[2013-09-17 20:47:05] phpDocumentor.INFO:   No summary for class \Khill\Lavacharts\Configs\hAxis [] []
[2013-09-17 20:47:05] phpDocumentor.INFO: Parsing /home/kevin/dev/LavaCharts/src/Khill/Lavacharts/Configs/DataCell.php [] []
[2013-09-17 20:47:05] phpDocumentor.INFO:   No summary was found for this file [] []
[2013-09-17 20:47:05] phpDocumentor.INFO: Parsing /home/kevin/dev/LavaCharts/src/Khill/Lavacharts/Configs/textStyle.php [] []
[2013-09-17 20:47:05] phpDocumentor.INFO:   No summary was found for this file [] []
[2013-09-17 20:47:05] phpDocumentor.INFO: Parsing /home/kevin/dev/LavaCharts/src/Khill/Lavacharts/Configs/colorAxis.php [] []
[2013-09-17 20:47:05] phpDocumentor.INFO:   No summary was found for this file [] []
[2013-09-17 20:47:05] phpDocumentor.INFO: Parsing /home/kevin/dev/LavaCharts/src/Khill/Lavacharts/Configs/backgroundColor.php [] []
[2013-09-17 20:47:05] phpDocumentor.INFO:   No summary was found for this file [] []
[2013-09-17 20:47:05] phpDocumentor.INFO: Parsing /home/kevin/dev/LavaCharts/src/Khill/Lavacharts/Configs/legend.php [] []
[2013-09-17 20:47:05] phpDocumentor.INFO:   No summary was found for this file [] []
[2013-09-17 20:47:05] phpDocumentor.INFO:   No summary for class \Khill\Lavacharts\Configs\legend [] []
[2013-09-17 20:47:05] phpDocumentor.INFO: Parsing /home/kevin/dev/LavaCharts/src/Khill/Lavacharts/Configs/sizeAxis.php [] []
[2013-09-17 20:47:05] phpDocumentor.INFO:   No summary was found for this file [] []
[2013-09-17 20:47:05] phpDocumentor.INFO: Parsing /home/kevin/dev/LavaCharts/src/Khill/Lavacharts/Configs/jsDate.php [] []
[2013-09-17 20:47:05] phpDocumentor.INFO:   No summary was found for this file [] []
[2013-09-17 20:47:05] phpDocumentor.INFO: Parsing /home/kevin/dev/LavaCharts/src/Khill/Lavacharts/Configs/tooltip.php [] []
[2013-09-17 20:47:05] phpDocumentor.INFO:   No summary was found for this file [] []
[2013-09-17 20:47:05] phpDocumentor.INFO:   No summary for class \Khill\Lavacharts\Configs\tooltip [] []
[2013-09-17 20:47:05] phpDocumentor.INFO: Parsing /home/kevin/dev/LavaCharts/src/Khill/Lavacharts/Configs/configOptions.php [] []
[2013-09-17 20:47:05] phpDocumentor.INFO:   No summary was found for this file [] []
[2013-09-17 20:47:05] phpDocumentor.INFO:   No summary for class \Khill\Lavacharts\Configs\configOptions [] []
[2013-09-17 20:47:05] phpDocumentor.INFO: Parsing /home/kevin/dev/LavaCharts/src/Khill/Lavacharts/Configs/DataTable.php [] []
[2013-09-17 20:47:05] phpDocumentor.INFO:   No summary was found for this file [] []
[2013-09-17 20:47:05] phpDocumentor.INFO:   No summary for class \Khill\Lavacharts\Configs\DataTable [] []
[2013-09-17 20:47:05] phpDocumentor.INFO:   No summary for method toJSON() [] []
[2013-09-17 20:47:05] phpDocumentor.INFO: Parsing /home/kevin/dev/LavaCharts/src/Khill/Lavacharts/Configs/slice.php [] []
[2013-09-17 20:47:05] phpDocumentor.INFO:   No summary was found for this file [] []
[2013-09-17 20:47:05] phpDocumentor.INFO:   No summary for class \Khill\Lavacharts\Configs\slice [] []
[2013-09-17 20:47:05] phpDocumentor.INFO: Parsing /home/kevin/dev/LavaCharts/src/Khill/Lavacharts/Helpers/Helpers.php [] []
[2013-09-17 20:47:06] phpDocumentor.INFO:   No summary was found for this file [] []
[2013-09-17 20:47:06] phpDocumentor.INFO:   No summary for class \Khill\Lavacharts\Helpers\Helpers [] []
[2013-09-17 20:47:06] phpDocumentor.INFO: Parsing /home/kevin/dev/LavaCharts/src/Khill/Lavacharts/LavachartsServiceProvider.php [] []
[2013-09-17 20:47:06] phpDocumentor.INFO:   No summary was found for this file [] []
[2013-09-17 20:47:06] phpDocumentor.INFO:   No summary for class \Khill\Lavacharts\LavachartsServiceProvider [] []
[2013-09-17 20:47:06] phpDocumentor.INFO: Parsing /home/kevin/dev/LavaCharts/src/Khill/Lavacharts/Facades/Lavacharts.php [] []
[2013-09-17 20:47:06] phpDocumentor.INFO:   No summary was found for this file [] []
[2013-09-17 20:47:06] phpDocumentor.INFO:   No summary for class \Khill\Lavacharts\Facades\Lavacharts [] []
[2013-09-17 20:47:06] phpDocumentor.INFO: Parsing /home/kevin/dev/LavaCharts/src/views/line/advanced.php [] []
[2013-09-17 20:47:06] phpDocumentor.INFO:   No summary was found for this file [] []
[2013-09-17 20:47:06] phpDocumentor.INFO: Parsing /home/kevin/dev/LavaCharts/src/views/line/basic.php [] []
[2013-09-17 20:47:06] phpDocumentor.INFO:   No summary was found for this file [] []
[2013-09-17 20:47:06] phpDocumentor.INFO: Parsing /home/kevin/dev/LavaCharts/src/views/examples2.php [] []
[2013-09-17 20:47:06] phpDocumentor.INFO:   No summary was found for this file [] []
[2013-09-17 20:47:06] phpDocumentor.INFO: Parsing /home/kevin/dev/LavaCharts/src/views/home.php [] []
[2013-09-17 20:47:06] phpDocumentor.INFO:   No summary was found for this file [] []
[2013-09-17 20:47:06] phpDocumentor.INFO: Parsing /home/kevin/dev/LavaCharts/src/views/examples.php [] []
[2013-09-17 20:47:06] phpDocumentor.INFO:   No summary was found for this file [] []
[2013-09-17 20:47:06] phpDocumentor.INFO: Parsing /home/kevin/dev/LavaCharts/src/views/area/basic.php [] []
[2013-09-17 20:47:06] phpDocumentor.INFO:   No summary was found for this file [] []
[2013-09-17 20:47:06] phpDocumentor.INFO: Parsing /home/kevin/dev/LavaCharts/src/views/tests.php [] []
[2013-09-17 20:47:06] phpDocumentor.INFO:   No summary was found for this file [] []
[2013-09-17 20:47:06] phpDocumentor.INFO: Storing cache in "/home/kevin/dev/LavaCharts/build/api" ..  [] []
[2013-09-17 20:47:06] phpDocumentor.INFO: OK [] []
[2013-09-17 20:47:06] phpDocumentor.INFO: Load cache                                                           ..  [] []
[2013-09-17 20:47:06] phpDocumentor.INFO:    0.002s [] []
[2013-09-17 20:47:06] phpDocumentor.INFO: Preparing template "responsive"                                      ..  [] []
[2013-09-17 20:47:06] phpDocumentor.INFO:    0.048s [] []
[2013-09-17 20:47:06] phpDocumentor.INFO: Preparing 13 transformations                                         ..  [] []
[2013-09-17 20:47:06] phpDocumentor.INFO:    0.000s [] []
[2013-09-17 20:47:06] phpDocumentor.INFO: Build "elements" index                                               ..  [] []
[2013-09-17 20:47:06] phpDocumentor.INFO:    0.008s [] []
[2013-09-17 20:47:06] phpDocumentor.INFO: Replace textual FQCNs with object aliases                            ..  [] []
[2013-09-17 20:47:06] phpDocumentor.INFO:    0.100s [] []
[2013-09-17 20:47:06] phpDocumentor.INFO: Build "packages" index                                               ..  [] []
[2013-09-17 20:47:06] phpDocumentor.INFO:    0.012s [] []
[2013-09-17 20:47:06] phpDocumentor.INFO: Build "namespaces" index and add namespaces to "elements"            ..  [] []
[2013-09-17 20:47:06] phpDocumentor.INFO:    0.006s [] []
[2013-09-17 20:47:06] phpDocumentor.INFO: Transform analyzed project into artifacts                            ..  [] []
